-------------------------------------------------------------------------------
Test set: TicTacToeClassTest
-------------------------------------------------------------------------------
Tests run: 2, Failures: 1, Errors: 0, Skipped: 0, Time elapsed: 0.04 s <<< FAILURE! - in TicTacToeClassTest
slotNumberValidation  Time elapsed: 0.031 s  <<< FAILURE!
org.opentest4j.AssertionFailedError: expected: <true> but was: <false>
	at TicTacToeClassTest.slotNumberValidation(TicTacToeClassTest.java:39)

